  main.cpp
  Point.cpp
  Object.cpp
c:\program files (x86)\microsoft visual studio\2017\community\vc\tools\msvc\14.12.25827\include\utility(202): warning C4267: 'initializing': conversion from 'size_t' to 'int', possible loss of data
  c:\users\junoh\onedrive - 홍익대학교\apl\object-classification\classification_cpp\object.cpp(39): note: see reference to function template instantiation 'std::pair<int,int>::pair<::size_t,_Ty2&,0>(_Other1 &&,_Other2) noexcept' being compiled
          with
          [
              _Ty2=int,
              _Other1=::size_t,
              _Other2=int &
          ]
  c:\users\junoh\onedrive - 홍익대학교\apl\object-classification\classification_cpp\object.cpp(39): note: see reference to function template instantiation 'std::pair<int,int>::pair<::size_t,_Ty2&,0>(_Other1 &&,_Other2) noexcept' being compiled
          with
          [
              _Ty2=int,
              _Other1=::size_t,
              _Other2=int &
          ]
  Frame.cpp
  Classifier.cpp
c:\users\junoh\onedrive - 홍익대학교\apl\object-classification\classification_cpp\classifier.cpp(37): warning C4267: '=': conversion from 'size_t' to 'int', possible loss of data
c:\users\junoh\onedrive - 홍익대학교\apl\object-classification\classification_cpp\classifier.cpp(48): warning C4018: '<': signed/unsigned mismatch
  Generating Code...
  LINK : C:\Users\JunOh\OneDrive - 홍익대학교\APL\object-classification\classification_cpp\x64\Debug\classification_cpp.exe not found or not built by the last incremental link; performing full link
  classification_cpp.vcxproj -> C:\Users\JunOh\OneDrive - 홍익대학교\APL\object-classification\classification_cpp\x64\Debug\classification_cpp.exe
